{"C:\\Users\\mhdom\\Desktop\\projeto\\pet-adoption-platform\\backend\\src\\app.js": {"path":"C:\\Users\\mhdom\\Desktop\\projeto\\pet-adoption-platform\\backend\\src\\app.js","statementMap":{"0":{"start":{"line":1,"column":15},"end":{"line":1,"column":32}},"1":{"start":{"line":2,"column":0},"end":{"line":2,"column":16}},"2":{"start":{"line":4,"column":16},"end":{"line":4,"column":34}},"3":{"start":{"line":5,"column":13},"end":{"line":5,"column":28}},"4":{"start":{"line":7,"column":19},"end":{"line":7,"column":49}},"5":{"start":{"line":8,"column":24},"end":{"line":8,"column":64}},"6":{"start":{"line":9,"column":19},"end":{"line":9,"column":49}},"7":{"start":{"line":11,"column":12},"end":{"line":11,"column":21}},"8":{"start":{"line":13,"column":0},"end":{"line":13,"column":24}},"9":{"start":{"line":15,"column":23},"end":{"line":19,"column":1}},"10":{"start":{"line":21,"column":0},"end":{"line":31,"column":2}},"11":{"start":{"line":24,"column":6},"end":{"line":28,"column":7}},"12":{"start":{"line":25,"column":8},"end":{"line":25,"column":29}},"13":{"start":{"line":27,"column":8},"end":{"line":27,"column":62}},"14":{"start":{"line":33,"column":0},"end":{"line":33,"column":20}},"15":{"start":{"line":34,"column":0},"end":{"line":34,"column":20}},"16":{"start":{"line":36,"column":0},"end":{"line":38,"column":3}},"17":{"start":{"line":37,"column":2},"end":{"line":37,"column":47}},"18":{"start":{"line":40,"column":0},"end":{"line":40,"column":25}},"19":{"start":{"line":42,"column":0},"end":{"line":42,"column":21}}},"fnMap":{"0":{"name":"(anonymous_0)","decl":{"start":{"line":23,"column":12},"end":{"line":23,"column":13}},"loc":{"start":{"line":23,"column":40},"end":{"line":29,"column":5}},"line":23},"1":{"name":"(anonymous_1)","decl":{"start":{"line":36,"column":13},"end":{"line":36,"column":14}},"loc":{"start":{"line":36,"column":27},"end":{"line":38,"column":1}},"line":36}},"branchMap":{"0":{"loc":{"start":{"line":24,"column":6},"end":{"line":28,"column":7}},"type":"if","locations":[{"start":{"line":24,"column":6},"end":{"line":28,"column":7}},{"start":{"line":26,"column":13},"end":{"line":28,"column":7}}],"line":24},"1":{"loc":{"start":{"line":24,"column":10},"end":{"line":24,"column":52}},"type":"binary-expr","locations":[{"start":{"line":24,"column":10},"end":{"line":24,"column":17}},{"start":{"line":24,"column":21},"end":{"line":24,"column":52}}],"line":24}},"s":{"0":3,"1":3,"2":3,"3":3,"4":3,"5":3,"6":3,"7":3,"8":3,"9":3,"10":3,"11":44,"12":44,"13":0,"14":3,"15":3,"16":3,"17":1,"18":3,"19":3},"f":{"0":44,"1":1},"b":{"0":[44,0],"1":[44,0]},"_coverageSchema":"1a1c01bbd47fc00a2c39e90264f33305004495a9","hash":"4d7b498372ba02220d243752500bb3f172abd604"}
,"C:\\Users\\mhdom\\Desktop\\projeto\\pet-adoption-platform\\backend\\src\\config\\cloudinary.js": {"path":"C:\\Users\\mhdom\\Desktop\\projeto\\pet-adoption-platform\\backend\\src\\config\\cloudinary.js","statementMap":{"0":{"start":{"line":1,"column":0},"end":{"line":1,"column":26}},"1":{"start":{"line":3,"column":19},"end":{"line":3,"column":43}},"2":{"start":{"line":5,"column":0},"end":{"line":9,"column":2}},"3":{"start":{"line":11,"column":0},"end":{"line":11,"column":27}}},"fnMap":{},"branchMap":{},"s":{"0":3,"1":3,"2":3,"3":3},"f":{},"b":{},"_coverageSchema":"1a1c01bbd47fc00a2c39e90264f33305004495a9","hash":"9597702f633b1d6680cfeb69ec9dc13f699a6dcd"}
,"C:\\Users\\mhdom\\Desktop\\projeto\\pet-adoption-platform\\backend\\src\\config\\multer.js": {"path":"C:\\Users\\mhdom\\Desktop\\projeto\\pet-adoption-platform\\backend\\src\\config\\multer.js","statementMap":{"0":{"start":{"line":1,"column":15},"end":{"line":1,"column":32}},"1":{"start":{"line":3,"column":16},"end":{"line":3,"column":38}},"2":{"start":{"line":5,"column":15},"end":{"line":5,"column":34}},"3":{"start":{"line":7,"column":0},"end":{"line":7,"column":23}}},"fnMap":{},"branchMap":{},"s":{"0":3,"1":3,"2":3,"3":3},"f":{},"b":{},"_coverageSchema":"1a1c01bbd47fc00a2c39e90264f33305004495a9","hash":"3144bc300163482d6ae7237940201c46d7cb766e"}
,"C:\\Users\\mhdom\\Desktop\\projeto\\pet-adoption-platform\\backend\\src\\controllers\\authController.js": {"path":"C:\\Users\\mhdom\\Desktop\\projeto\\pet-adoption-platform\\backend\\src\\controllers\\authController.js","statementMap":{"0":{"start":{"line":1,"column":15},"end":{"line":1,"column":34}},"1":{"start":{"line":2,"column":12},"end":{"line":2,"column":35}},"2":{"start":{"line":3,"column":13},"end":{"line":3,"column":38}},"3":{"start":{"line":5,"column":21},"end":{"line":31,"column":1}},"4":{"start":{"line":6,"column":2},"end":{"line":30,"column":3}},"5":{"start":{"line":7,"column":35},"end":{"line":7,"column":43}},"6":{"start":{"line":9,"column":23},"end":{"line":9,"column":52}},"7":{"start":{"line":11,"column":4},"end":{"line":13,"column":5}},"8":{"start":{"line":12,"column":6},"end":{"line":12,"column":73}},"9":{"start":{"line":15,"column":27},"end":{"line":15,"column":55}},"10":{"start":{"line":17,"column":17},"end":{"line":21,"column":6}},"11":{"start":{"line":23,"column":4},"end":{"line":27,"column":7}},"12":{"start":{"line":29,"column":4},"end":{"line":29,"column":16}},"13":{"start":{"line":33,"column":18},"end":{"line":71,"column":1}},"14":{"start":{"line":34,"column":2},"end":{"line":70,"column":3}},"15":{"start":{"line":35,"column":29},"end":{"line":35,"column":37}},"16":{"start":{"line":37,"column":17},"end":{"line":37,"column":46}},"17":{"start":{"line":39,"column":4},"end":{"line":43,"column":5}},"18":{"start":{"line":40,"column":6},"end":{"line":42,"column":9}},"19":{"start":{"line":45,"column":25},"end":{"line":45,"column":64}},"20":{"start":{"line":47,"column":4},"end":{"line":51,"column":5}},"21":{"start":{"line":48,"column":6},"end":{"line":50,"column":9}},"22":{"start":{"line":53,"column":18},"end":{"line":57,"column":5}},"23":{"start":{"line":59,"column":4},"end":{"line":67,"column":7}},"24":{"start":{"line":69,"column":4},"end":{"line":69,"column":16}},"25":{"start":{"line":73,"column":14},"end":{"line":77,"column":1}},"26":{"start":{"line":74,"column":18},"end":{"line":74,"column":66}},"27":{"start":{"line":76,"column":2},"end":{"line":76,"column":20}},"28":{"start":{"line":79,"column":0},"end":{"line":83,"column":2}}},"fnMap":{"0":{"name":"(anonymous_0)","decl":{"start":{"line":5,"column":21},"end":{"line":5,"column":22}},"loc":{"start":{"line":5,"column":47},"end":{"line":31,"column":1}},"line":5},"1":{"name":"(anonymous_1)","decl":{"start":{"line":33,"column":18},"end":{"line":33,"column":19}},"loc":{"start":{"line":33,"column":44},"end":{"line":71,"column":1}},"line":33},"2":{"name":"(anonymous_2)","decl":{"start":{"line":73,"column":14},"end":{"line":73,"column":15}},"loc":{"start":{"line":73,"column":34},"end":{"line":77,"column":1}},"line":73}},"branchMap":{"0":{"loc":{"start":{"line":11,"column":4},"end":{"line":13,"column":5}},"type":"if","locations":[{"start":{"line":11,"column":4},"end":{"line":13,"column":5}},{"start":{},"end":{}}],"line":11},"1":{"loc":{"start":{"line":39,"column":4},"end":{"line":43,"column":5}},"type":"if","locations":[{"start":{"line":39,"column":4},"end":{"line":43,"column":5}},{"start":{},"end":{}}],"line":39},"2":{"loc":{"start":{"line":47,"column":4},"end":{"line":51,"column":5}},"type":"if","locations":[{"start":{"line":47,"column":4},"end":{"line":51,"column":5}},{"start":{},"end":{}}],"line":47}},"s":{"0":3,"1":3,"2":3,"3":3,"4":14,"5":14,"6":14,"7":14,"8":1,"9":13,"10":13,"11":13,"12":0,"13":3,"14":11,"15":11,"16":11,"17":11,"18":0,"19":11,"20":11,"21":1,"22":10,"23":10,"24":0,"25":3,"26":1,"27":1,"28":3},"f":{"0":14,"1":11,"2":1},"b":{"0":[1,13],"1":[0,11],"2":[1,10]},"_coverageSchema":"1a1c01bbd47fc00a2c39e90264f33305004495a9","hash":"c94e83e4b4c0a8a7c2dee6c6b45c8b6db1680987"}
,"C:\\Users\\mhdom\\Desktop\\projeto\\pet-adoption-platform\\backend\\src\\controllers\\petController.js": {"path":"C:\\Users\\mhdom\\Desktop\\projeto\\pet-adoption-platform\\backend\\src\\controllers\\petController.js","statementMap":{"0":{"start":{"line":1,"column":12},"end":{"line":1,"column":36}},"1":{"start":{"line":2,"column":19},"end":{"line":2,"column":50}},"2":{"start":{"line":4,"column":20},"end":{"line":4,"column":42}},"3":{"start":{"line":6,"column":21},"end":{"line":23,"column":1}},"4":{"start":{"line":7,"column":2},"end":{"line":22,"column":4}},"5":{"start":{"line":8,"column":19},"end":{"line":19,"column":5}},"6":{"start":{"line":13,"column":8},"end":{"line":17,"column":9}},"7":{"start":{"line":14,"column":10},"end":{"line":14,"column":23}},"8":{"start":{"line":16,"column":10},"end":{"line":16,"column":25}},"9":{"start":{"line":21,"column":4},"end":{"line":21,"column":53}},"10":{"start":{"line":25,"column":16},"end":{"line":34,"column":1}},"11":{"start":{"line":26,"column":4},"end":{"line":33,"column":5}},"12":{"start":{"line":27,"column":21},"end":{"line":27,"column":37}},"13":{"start":{"line":29,"column":8},"end":{"line":29,"column":23}},"14":{"start":{"line":32,"column":8},"end":{"line":32,"column":20}},"15":{"start":{"line":36,"column":19},"end":{"line":51,"column":1}},"16":{"start":{"line":37,"column":4},"end":{"line":50,"column":5}},"17":{"start":{"line":38,"column":20},"end":{"line":38,"column":53}},"18":{"start":{"line":40,"column":8},"end":{"line":44,"column":9}},"19":{"start":{"line":41,"column":12},"end":{"line":43,"column":15}},"20":{"start":{"line":46,"column":8},"end":{"line":46,"column":22}},"21":{"start":{"line":49,"column":8},"end":{"line":49,"column":20}},"22":{"start":{"line":53,"column":18},"end":{"line":74,"column":1}},"23":{"start":{"line":54,"column":2},"end":{"line":73,"column":3}},"24":{"start":{"line":55,"column":20},"end":{"line":58,"column":5}},"25":{"start":{"line":60,"column":4},"end":{"line":64,"column":5}},"26":{"start":{"line":61,"column":30},"end":{"line":61,"column":65}},"27":{"start":{"line":63,"column":6},"end":{"line":63,"column":49}},"28":{"start":{"line":66,"column":16},"end":{"line":66,"column":41}},"29":{"start":{"line":68,"column":4},"end":{"line":68,"column":29}},"30":{"start":{"line":71,"column":4},"end":{"line":71,"column":46}},"31":{"start":{"line":72,"column":4},"end":{"line":72,"column":15}},"32":{"start":{"line":76,"column":18},"end":{"line":113,"column":1}},"33":{"start":{"line":77,"column":2},"end":{"line":112,"column":3}},"34":{"start":{"line":78,"column":16},"end":{"line":78,"column":49}},"35":{"start":{"line":80,"column":4},"end":{"line":84,"column":5}},"36":{"start":{"line":81,"column":6},"end":{"line":83,"column":9}},"37":{"start":{"line":86,"column":4},"end":{"line":90,"column":5}},"38":{"start":{"line":87,"column":6},"end":{"line":89,"column":9}},"39":{"start":{"line":92,"column":20},"end":{"line":94,"column":5}},"40":{"start":{"line":96,"column":4},"end":{"line":100,"column":5}},"41":{"start":{"line":97,"column":30},"end":{"line":97,"column":65}},"42":{"start":{"line":99,"column":6},"end":{"line":99,"column":49}},"43":{"start":{"line":102,"column":26},"end":{"line":106,"column":5}},"44":{"start":{"line":108,"column":4},"end":{"line":108,"column":28}},"45":{"start":{"line":111,"column":4},"end":{"line":111,"column":16}},"46":{"start":{"line":115,"column":18},"end":{"line":141,"column":1}},"47":{"start":{"line":116,"column":2},"end":{"line":140,"column":3}},"48":{"start":{"line":117,"column":16},"end":{"line":117,"column":49}},"49":{"start":{"line":119,"column":4},"end":{"line":123,"column":5}},"50":{"start":{"line":120,"column":6},"end":{"line":122,"column":9}},"51":{"start":{"line":125,"column":4},"end":{"line":129,"column":5}},"52":{"start":{"line":126,"column":6},"end":{"line":128,"column":9}},"53":{"start":{"line":131,"column":4},"end":{"line":131,"column":47}},"54":{"start":{"line":133,"column":4},"end":{"line":136,"column":7}},"55":{"start":{"line":139,"column":4},"end":{"line":139,"column":16}},"56":{"start":{"line":143,"column":0},"end":{"line":149,"column":2}}},"fnMap":{"0":{"name":"(anonymous_0)","decl":{"start":{"line":6,"column":21},"end":{"line":6,"column":22}},"loc":{"start":{"line":6,"column":33},"end":{"line":23,"column":1}},"line":6},"1":{"name":"(anonymous_1)","decl":{"start":{"line":7,"column":21},"end":{"line":7,"column":22}},"loc":{"start":{"line":7,"column":42},"end":{"line":22,"column":3}},"line":7},"2":{"name":"(anonymous_2)","decl":{"start":{"line":12,"column":6},"end":{"line":12,"column":7}},"loc":{"start":{"line":12,"column":25},"end":{"line":18,"column":7}},"line":12},"3":{"name":"(anonymous_3)","decl":{"start":{"line":25,"column":16},"end":{"line":25,"column":17}},"loc":{"start":{"line":25,"column":42},"end":{"line":34,"column":1}},"line":25},"4":{"name":"(anonymous_4)","decl":{"start":{"line":36,"column":19},"end":{"line":36,"column":20}},"loc":{"start":{"line":36,"column":45},"end":{"line":51,"column":1}},"line":36},"5":{"name":"(anonymous_5)","decl":{"start":{"line":53,"column":18},"end":{"line":53,"column":19}},"loc":{"start":{"line":53,"column":44},"end":{"line":74,"column":1}},"line":53},"6":{"name":"(anonymous_6)","decl":{"start":{"line":76,"column":18},"end":{"line":76,"column":19}},"loc":{"start":{"line":76,"column":44},"end":{"line":113,"column":1}},"line":76},"7":{"name":"(anonymous_7)","decl":{"start":{"line":115,"column":18},"end":{"line":115,"column":19}},"loc":{"start":{"line":115,"column":44},"end":{"line":141,"column":1}},"line":115}},"branchMap":{"0":{"loc":{"start":{"line":13,"column":8},"end":{"line":17,"column":9}},"type":"if","locations":[{"start":{"line":13,"column":8},"end":{"line":17,"column":9}},{"start":{"line":15,"column":15},"end":{"line":17,"column":9}}],"line":13},"1":{"loc":{"start":{"line":40,"column":8},"end":{"line":44,"column":9}},"type":"if","locations":[{"start":{"line":40,"column":8},"end":{"line":44,"column":9}},{"start":{},"end":{}}],"line":40},"2":{"loc":{"start":{"line":60,"column":4},"end":{"line":64,"column":5}},"type":"if","locations":[{"start":{"line":60,"column":4},"end":{"line":64,"column":5}},{"start":{},"end":{}}],"line":60},"3":{"loc":{"start":{"line":80,"column":4},"end":{"line":84,"column":5}},"type":"if","locations":[{"start":{"line":80,"column":4},"end":{"line":84,"column":5}},{"start":{},"end":{}}],"line":80},"4":{"loc":{"start":{"line":86,"column":4},"end":{"line":90,"column":5}},"type":"if","locations":[{"start":{"line":86,"column":4},"end":{"line":90,"column":5}},{"start":{},"end":{}}],"line":86},"5":{"loc":{"start":{"line":96,"column":4},"end":{"line":100,"column":5}},"type":"if","locations":[{"start":{"line":96,"column":4},"end":{"line":100,"column":5}},{"start":{},"end":{}}],"line":96},"6":{"loc":{"start":{"line":119,"column":4},"end":{"line":123,"column":5}},"type":"if","locations":[{"start":{"line":119,"column":4},"end":{"line":123,"column":5}},{"start":{},"end":{}}],"line":119},"7":{"loc":{"start":{"line":125,"column":4},"end":{"line":129,"column":5}},"type":"if","locations":[{"start":{"line":125,"column":4},"end":{"line":129,"column":5}},{"start":{},"end":{}}],"line":125}},"s":{"0":3,"1":3,"2":3,"3":3,"4":0,"5":0,"6":0,"7":0,"8":0,"9":0,"10":3,"11":1,"12":1,"13":1,"14":0,"15":3,"16":3,"17":3,"18":2,"19":1,"20":1,"21":1,"22":3,"23":6,"24":6,"25":6,"26":0,"27":0,"28":6,"29":5,"30":1,"31":1,"32":3,"33":2,"34":2,"35":2,"36":0,"37":2,"38":1,"39":1,"40":1,"41":0,"42":0,"43":1,"44":1,"45":0,"46":3,"47":2,"48":2,"49":2,"50":0,"51":2,"52":1,"53":1,"54":1,"55":0,"56":3},"f":{"0":0,"1":0,"2":0,"3":1,"4":3,"5":6,"6":2,"7":2},"b":{"0":[0,0],"1":[1,1],"2":[0,6],"3":[0,2],"4":[1,1],"5":[0,1],"6":[0,2],"7":[1,1]},"_coverageSchema":"1a1c01bbd47fc00a2c39e90264f33305004495a9","hash":"1a54cd491e7ceb956777ea59e45c1f038628259f"}
,"C:\\Users\\mhdom\\Desktop\\projeto\\pet-adoption-platform\\backend\\src\\middlewares\\authMiddleware.js": {"path":"C:\\Users\\mhdom\\Desktop\\projeto\\pet-adoption-platform\\backend\\src\\middlewares\\authMiddleware.js","statementMap":{"0":{"start":{"line":1,"column":12},"end":{"line":1,"column":35}},"1":{"start":{"line":3,"column":23},"end":{"line":25,"column":1}},"2":{"start":{"line":4,"column":21},"end":{"line":4,"column":46}},"3":{"start":{"line":6,"column":2},"end":{"line":10,"column":3}},"4":{"start":{"line":7,"column":4},"end":{"line":9,"column":7}},"5":{"start":{"line":12,"column":16},"end":{"line":12,"column":40}},"6":{"start":{"line":14,"column":2},"end":{"line":24,"column":3}},"7":{"start":{"line":15,"column":20},"end":{"line":15,"column":61}},"8":{"start":{"line":17,"column":4},"end":{"line":17,"column":28}},"9":{"start":{"line":19,"column":4},"end":{"line":19,"column":11}},"10":{"start":{"line":21,"column":4},"end":{"line":23,"column":7}},"11":{"start":{"line":27,"column":0},"end":{"line":27,"column":32}}},"fnMap":{"0":{"name":"(anonymous_0)","decl":{"start":{"line":3,"column":23},"end":{"line":3,"column":24}},"loc":{"start":{"line":3,"column":43},"end":{"line":25,"column":1}},"line":3}},"branchMap":{"0":{"loc":{"start":{"line":6,"column":2},"end":{"line":10,"column":3}},"type":"if","locations":[{"start":{"line":6,"column":2},"end":{"line":10,"column":3}},{"start":{},"end":{}}],"line":6}},"s":{"0":3,"1":3,"2":14,"3":14,"4":2,"5":12,"6":12,"7":12,"8":11,"9":11,"10":1,"11":3},"f":{"0":14},"b":{"0":[2,12]},"_coverageSchema":"1a1c01bbd47fc00a2c39e90264f33305004495a9","hash":"1a22d8486185a858e9a4feb241afcabf2332f076"}
,"C:\\Users\\mhdom\\Desktop\\projeto\\pet-adoption-platform\\backend\\src\\middlewares\\errorMiddleware.js": {"path":"C:\\Users\\mhdom\\Desktop\\projeto\\pet-adoption-platform\\backend\\src\\middlewares\\errorMiddleware.js","statementMap":{"0":{"start":{"line":1,"column":24},"end":{"line":19,"column":1}},"1":{"start":{"line":2,"column":4},"end":{"line":7,"column":5}},"2":{"start":{"line":3,"column":8},"end":{"line":6,"column":11}},"3":{"start":{"line":9,"column":4},"end":{"line":13,"column":5}},"4":{"start":{"line":10,"column":8},"end":{"line":12,"column":11}},"5":{"start":{"line":15,"column":4},"end":{"line":18,"column":7}},"6":{"start":{"line":21,"column":0},"end":{"line":21,"column":33}}},"fnMap":{"0":{"name":"(anonymous_0)","decl":{"start":{"line":1,"column":24},"end":{"line":1,"column":25}},"loc":{"start":{"line":1,"column":52},"end":{"line":19,"column":1}},"line":1}},"branchMap":{"0":{"loc":{"start":{"line":2,"column":4},"end":{"line":7,"column":5}},"type":"if","locations":[{"start":{"line":2,"column":4},"end":{"line":7,"column":5}},{"start":{},"end":{}}],"line":2},"1":{"loc":{"start":{"line":9,"column":4},"end":{"line":13,"column":5}},"type":"if","locations":[{"start":{"line":9,"column":4},"end":{"line":13,"column":5}},{"start":{},"end":{}}],"line":9}},"s":{"0":3,"1":3,"2":1,"3":2,"4":1,"5":1,"6":3},"f":{"0":3},"b":{"0":[1,2],"1":[1,1]},"_coverageSchema":"1a1c01bbd47fc00a2c39e90264f33305004495a9","hash":"87a80e59d9a1c0a769d1020c395d4b24edf7c7a0"}
,"C:\\Users\\mhdom\\Desktop\\projeto\\pet-adoption-platform\\backend\\src\\models\\Pet.js": {"path":"C:\\Users\\mhdom\\Desktop\\projeto\\pet-adoption-platform\\backend\\src\\models\\Pet.js","statementMap":{"0":{"start":{"line":1,"column":17},"end":{"line":1,"column":36}},"1":{"start":{"line":3,"column":18},"end":{"line":30,"column":2}},"2":{"start":{"line":32,"column":12},"end":{"line":32,"column":44}},"3":{"start":{"line":34,"column":0},"end":{"line":34,"column":21}}},"fnMap":{},"branchMap":{},"s":{"0":3,"1":3,"2":3,"3":3},"f":{},"b":{},"_coverageSchema":"1a1c01bbd47fc00a2c39e90264f33305004495a9","hash":"409fe6b68c0dfc28568a4793103e9cf3c11109fb"}
,"C:\\Users\\mhdom\\Desktop\\projeto\\pet-adoption-platform\\backend\\src\\models\\User.js": {"path":"C:\\Users\\mhdom\\Desktop\\projeto\\pet-adoption-platform\\backend\\src\\models\\User.js","statementMap":{"0":{"start":{"line":1,"column":17},"end":{"line":1,"column":36}},"1":{"start":{"line":3,"column":19},"end":{"line":17,"column":2}},"2":{"start":{"line":19,"column":0},"end":{"line":19,"column":52}}},"fnMap":{},"branchMap":{},"s":{"0":3,"1":3,"2":3},"f":{},"b":{},"_coverageSchema":"1a1c01bbd47fc00a2c39e90264f33305004495a9","hash":"05e6dc9e1a4cd73a04f25842a0724b9101b63dba"}
,"C:\\Users\\mhdom\\Desktop\\projeto\\pet-adoption-platform\\backend\\src\\routes\\authRoutes.js": {"path":"C:\\Users\\mhdom\\Desktop\\projeto\\pet-adoption-platform\\backend\\src\\routes\\authRoutes.js","statementMap":{"0":{"start":{"line":1,"column":16},"end":{"line":1,"column":34}},"1":{"start":{"line":7,"column":4},"end":{"line":7,"column":44}},"2":{"start":{"line":9,"column":23},"end":{"line":9,"column":63}},"3":{"start":{"line":11,"column":15},"end":{"line":11,"column":31}},"4":{"start":{"line":13,"column":0},"end":{"line":13,"column":44}},"5":{"start":{"line":14,"column":0},"end":{"line":14,"column":38}},"6":{"start":{"line":15,"column":0},"end":{"line":15,"column":46}},"7":{"start":{"line":17,"column":0},"end":{"line":17,"column":24}}},"fnMap":{},"branchMap":{},"s":{"0":3,"1":3,"2":3,"3":3,"4":3,"5":3,"6":3,"7":3},"f":{},"b":{},"_coverageSchema":"1a1c01bbd47fc00a2c39e90264f33305004495a9","hash":"bc26d253ead66eb646b57e2e10284d3a05b5d037"}
,"C:\\Users\\mhdom\\Desktop\\projeto\\pet-adoption-platform\\backend\\src\\routes\\petsRoutes.js": {"path":"C:\\Users\\mhdom\\Desktop\\projeto\\pet-adoption-platform\\backend\\src\\routes\\petsRoutes.js","statementMap":{"0":{"start":{"line":7,"column":4},"end":{"line":7,"column":43}},"1":{"start":{"line":9,"column":15},"end":{"line":9,"column":42}},"2":{"start":{"line":10,"column":23},"end":{"line":10,"column":63}},"3":{"start":{"line":12,"column":16},"end":{"line":12,"column":34}},"4":{"start":{"line":14,"column":15},"end":{"line":14,"column":31}},"5":{"start":{"line":16,"column":0},"end":{"line":16,"column":29}},"6":{"start":{"line":18,"column":0},"end":{"line":18,"column":36}},"7":{"start":{"line":20,"column":0},"end":{"line":25,"column":2}},"8":{"start":{"line":27,"column":0},"end":{"line":27,"column":76}},"9":{"start":{"line":29,"column":0},"end":{"line":29,"column":54}},"10":{"start":{"line":31,"column":0},"end":{"line":31,"column":24}}},"fnMap":{},"branchMap":{},"s":{"0":3,"1":3,"2":3,"3":3,"4":3,"5":3,"6":3,"7":3,"8":3,"9":3,"10":3},"f":{},"b":{},"_coverageSchema":"1a1c01bbd47fc00a2c39e90264f33305004495a9","hash":"c7110eb6e07e6a772b39134c2363666253cb9e52"}
}
