TN:
SF:src\app.js
FN:23,(anonymous_0)
FN:36,(anonymous_1)
FNF:2
FNH:2
FNDA:44,(anonymous_0)
FNDA:1,(anonymous_1)
DA:1,3
DA:2,3
DA:4,3
DA:5,3
DA:7,3
DA:8,3
DA:9,3
DA:11,3
DA:13,3
DA:15,3
DA:21,3
DA:24,44
DA:25,44
DA:27,0
DA:33,3
DA:34,3
DA:36,3
DA:37,1
DA:40,3
DA:42,3
LF:20
LH:19
BRDA:24,0,0,44
BRDA:24,0,1,0
BRDA:24,1,0,44
BRDA:24,1,1,0
BRF:4
BRH:2
end_of_record
TN:
SF:src\config\cloudinary.js
FNF:0
FNH:0
DA:1,3
DA:3,3
DA:5,3
DA:11,3
LF:4
LH:4
BRF:0
BRH:0
end_of_record
TN:
SF:src\config\multer.js
FNF:0
FNH:0
DA:1,3
DA:3,3
DA:5,3
DA:7,3
LF:4
LH:4
BRF:0
BRH:0
end_of_record
TN:
SF:src\controllers\authController.js
FN:5,(anonymous_0)
FN:33,(anonymous_1)
FN:73,(anonymous_2)
FNF:3
FNH:3
FNDA:14,(anonymous_0)
FNDA:11,(anonymous_1)
FNDA:1,(anonymous_2)
DA:1,3
DA:2,3
DA:3,3
DA:5,3
DA:6,14
DA:7,14
DA:9,14
DA:11,14
DA:12,1
DA:15,13
DA:17,13
DA:23,13
DA:29,0
DA:33,3
DA:34,11
DA:35,11
DA:37,11
DA:39,11
DA:40,0
DA:45,11
DA:47,11
DA:48,1
DA:53,10
DA:59,10
DA:69,0
DA:73,3
DA:74,1
DA:76,1
DA:79,3
LF:29
LH:26
BRDA:11,0,0,1
BRDA:11,0,1,13
BRDA:39,1,0,0
BRDA:39,1,1,11
BRDA:47,2,0,1
BRDA:47,2,1,10
BRF:6
BRH:5
end_of_record
TN:
SF:src\controllers\petController.js
FN:6,(anonymous_0)
FN:7,(anonymous_1)
FN:12,(anonymous_2)
FN:25,(anonymous_3)
FN:36,(anonymous_4)
FN:53,(anonymous_5)
FN:76,(anonymous_6)
FN:115,(anonymous_7)
FNF:8
FNH:5
FNDA:0,(anonymous_0)
FNDA:0,(anonymous_1)
FNDA:0,(anonymous_2)
FNDA:1,(anonymous_3)
FNDA:3,(anonymous_4)
FNDA:6,(anonymous_5)
FNDA:2,(anonymous_6)
FNDA:2,(anonymous_7)
DA:1,3
DA:2,3
DA:4,3
DA:6,3
DA:7,0
DA:8,0
DA:13,0
DA:14,0
DA:16,0
DA:21,0
DA:25,3
DA:26,1
DA:27,1
DA:29,1
DA:32,0
DA:36,3
DA:37,3
DA:38,3
DA:40,2
DA:41,1
DA:46,1
DA:49,1
DA:53,3
DA:54,6
DA:55,6
DA:60,6
DA:61,0
DA:63,0
DA:66,6
DA:68,5
DA:71,1
DA:72,1
DA:76,3
DA:77,2
DA:78,2
DA:80,2
DA:81,0
DA:86,2
DA:87,1
DA:92,1
DA:96,1
DA:97,0
DA:99,0
DA:102,1
DA:108,1
DA:111,0
DA:115,3
DA:116,2
DA:117,2
DA:119,2
DA:120,0
DA:125,2
DA:126,1
DA:131,1
DA:133,1
DA:139,0
DA:143,3
LF:57
LH:42
BRDA:13,0,0,0
BRDA:13,0,1,0
BRDA:40,1,0,1
BRDA:40,1,1,1
BRDA:60,2,0,0
BRDA:60,2,1,6
BRDA:80,3,0,0
BRDA:80,3,1,2
BRDA:86,4,0,1
BRDA:86,4,1,1
BRDA:96,5,0,0
BRDA:96,5,1,1
BRDA:119,6,0,0
BRDA:119,6,1,2
BRDA:125,7,0,1
BRDA:125,7,1,1
BRF:16
BRH:10
end_of_record
TN:
SF:src\middlewares\authMiddleware.js
FN:3,(anonymous_0)
FNF:1
FNH:1
FNDA:14,(anonymous_0)
DA:1,3
DA:3,3
DA:4,14
DA:6,14
DA:7,2
DA:12,12
DA:14,12
DA:15,12
DA:17,11
DA:19,11
DA:21,1
DA:27,3
LF:12
LH:12
BRDA:6,0,0,2
BRDA:6,0,1,12
BRF:2
BRH:2
end_of_record
TN:
SF:src\middlewares\errorMiddleware.js
FN:1,(anonymous_0)
FNF:1
FNH:1
FNDA:3,(anonymous_0)
DA:1,3
DA:2,3
DA:3,1
DA:9,2
DA:10,1
DA:15,1
DA:21,3
LF:7
LH:7
BRDA:2,0,0,1
BRDA:2,0,1,2
BRDA:9,1,0,1
BRDA:9,1,1,1
BRF:4
BRH:4
end_of_record
TN:
SF:src\models\Pet.js
FNF:0
FNH:0
DA:1,3
DA:3,3
DA:32,3
DA:34,3
LF:4
LH:4
BRF:0
BRH:0
end_of_record
TN:
SF:src\models\User.js
FNF:0
FNH:0
DA:1,3
DA:3,3
DA:19,3
LF:3
LH:3
BRF:0
BRH:0
end_of_record
TN:
SF:src\routes\authRoutes.js
FNF:0
FNH:0
DA:1,3
DA:7,3
DA:9,3
DA:11,3
DA:13,3
DA:14,3
DA:15,3
DA:17,3
LF:8
LH:8
BRF:0
BRH:0
end_of_record
TN:
SF:src\routes\petsRoutes.js
FNF:0
FNH:0
DA:7,3
DA:9,3
DA:10,3
DA:12,3
DA:14,3
DA:16,3
DA:18,3
DA:20,3
DA:27,3
DA:29,3
DA:31,3
LF:11
LH:11
BRF:0
BRH:0
end_of_record
